2024-02-22 21:07:27,573 [Worker-5: Loading available Gradle versions] INFO  o.e.b.c.i.u.g.PublishedGradleVersions - Gradle version information cache is up-to-date. Trying to read.
2024-02-22 21:08:02,824 [Worker-4: Importing Maven projects] INFO  o.e.m.c.i.l.LifecycleMappingFactory - Using org.eclipse.m2e.jdt.JarLifecycleMapping lifecycle mapping for MavenProject: com.exampl:Booking-Cab-Service:0.0.1-SNAPSHOT @ C:\Users\bn_re\Desktop\FSD - Phase3\Course End Project\Cab-Booking Management\Booking Cab Service\Booking-Cab-Service\pom.xml.
2024-02-22 21:08:10,641 [Worker-4: Importing Maven projects] INFO  o.e.m.j.i.AbstractJavaProjectConfigurator - Adding source folder /Booking-Cab-Service/src/main/java
2024-02-22 21:08:10,641 [Worker-4: Importing Maven projects] INFO  o.e.m.j.i.AbstractJavaProjectConfigurator - Adding resource folder /Booking-Cab-Service/src/main/resources
2024-02-22 21:08:10,642 [Worker-4: Importing Maven projects] INFO  o.e.m.j.i.AbstractJavaProjectConfigurator - Adding resource folder /Booking-Cab-Service/src/main/resources
2024-02-22 21:08:10,643 [Worker-4: Importing Maven projects] INFO  o.e.m.j.i.AbstractJavaProjectConfigurator - Adding source folder /Booking-Cab-Service/src/test/java
2024-02-22 21:08:10,643 [Worker-4: Importing Maven projects] INFO  o.e.m.j.i.AbstractJavaProjectConfigurator - Adding resource folder /Booking-Cab-Service/src/test/resources
2024-02-22 21:08:11,000 [Worker-4: Importing Maven projects] INFO  o.e.m.c.i.p.ProjectConfigurationManager - Imported and configured 1 project(s) in 12 sec
2024-02-22 21:08:11,087 [Worker-1: Updating Maven Project] INFO  o.e.m.c.i.p.ProjectConfigurationManager - Update started
2024-02-22 21:08:11,473 [Worker-1: Updating Maven Project] INFO  o.e.m.c.i.l.LifecycleMappingFactory - Using org.eclipse.m2e.jdt.JarLifecycleMapping lifecycle mapping for MavenProject: com.exampl:Booking-Cab-Service:0.0.1-SNAPSHOT @ C:\Users\bn_re\Desktop\FSD - Phase3\Course End Project\Cab-Booking Management\Booking Cab Service\Booking-Cab-Service\pom.xml.
2024-02-22 21:08:12,403 [Worker-1: Updating Maven Project] INFO  o.e.m.j.i.AbstractJavaProjectConfigurator - Adding source folder /Booking-Cab-Service/src/main/java
2024-02-22 21:08:12,403 [Worker-1: Updating Maven Project] INFO  o.e.m.j.i.AbstractJavaProjectConfigurator - Adding resource folder /Booking-Cab-Service/src/main/resources
2024-02-22 21:08:12,403 [Worker-1: Updating Maven Project] INFO  o.e.m.j.i.AbstractJavaProjectConfigurator - Adding resource folder /Booking-Cab-Service/src/main/resources
2024-02-22 21:08:12,404 [Worker-1: Updating Maven Project] INFO  o.e.m.j.i.AbstractJavaProjectConfigurator - Adding source folder /Booking-Cab-Service/src/test/java
2024-02-22 21:08:12,404 [Worker-1: Updating Maven Project] INFO  o.e.m.j.i.AbstractJavaProjectConfigurator - Adding resource folder /Booking-Cab-Service/src/test/resources
2024-02-22 21:08:13,450 [Worker-1: Updating Maven Project] INFO  o.e.m.c.i.p.ProjectConfigurationManager - Update completed for 1 poms: local refresh takes 0.00 sec, refresh facades takes 1.00 sec, update config takes 0.00 sec 
2024-02-22 21:08:14,159 [Worker-16: Building] INFO  o.a.m.s.f.DefaultMavenResourcesFiltering - Copying 1 resource from src\main\resources to target\classes
2024-02-22 21:08:14,186 [Worker-16: Building] INFO  o.a.m.s.f.DefaultMavenResourcesFiltering - Copying 6 resources from src\main\resources to target\classes
2024-02-22 21:08:14,199 [Worker-16: Building] INFO  o.a.m.s.f.DefaultMavenResourcesFiltering - skip non existing resourceDirectory C:\Users\bn_re\Desktop\FSD - Phase3\Course End Project\Cab-Booking Management\Booking Cab Service\Booking-Cab-Service\src\test\resources
2024-02-22 21:08:18,001 [Worker-0: Importing Maven projects] INFO  o.e.m.c.i.l.LifecycleMappingFactory - Using org.eclipse.m2e.jdt.JarLifecycleMapping lifecycle mapping for MavenProject: com.exampl:Cab-Fare-Service:0.0.1-SNAPSHOT @ C:\Users\bn_re\Desktop\FSD - Phase3\Course End Project\Cab-Booking Management\Cab Fare Service\Cab-Fare-Service\pom.xml.
2024-02-22 21:08:18,858 [Worker-0: Importing Maven projects] INFO  o.e.m.j.i.AbstractJavaProjectConfigurator - Adding source folder /Cab-Fare-Service/src/main/java
2024-02-22 21:08:18,858 [Worker-0: Importing Maven projects] INFO  o.e.m.j.i.AbstractJavaProjectConfigurator - Adding resource folder /Cab-Fare-Service/src/main/resources
2024-02-22 21:08:18,858 [Worker-0: Importing Maven projects] INFO  o.e.m.j.i.AbstractJavaProjectConfigurator - Adding resource folder /Cab-Fare-Service/src/main/resources
2024-02-22 21:08:18,859 [Worker-0: Importing Maven projects] INFO  o.e.m.j.i.AbstractJavaProjectConfigurator - Adding source folder /Cab-Fare-Service/src/test/java
2024-02-22 21:08:18,859 [Worker-0: Importing Maven projects] INFO  o.e.m.j.i.AbstractJavaProjectConfigurator - Adding resource folder /Cab-Fare-Service/src/test/resources
2024-02-22 21:08:19,106 [Worker-0: Importing Maven projects] INFO  o.e.m.c.i.p.ProjectConfigurationManager - Imported and configured 1 project(s) in 1 sec
2024-02-22 21:08:19,654 [Worker-10: Building] INFO  o.a.m.s.f.DefaultMavenResourcesFiltering - Copying 1 resource from src\main\resources to target\classes
2024-02-22 21:08:19,678 [Worker-10: Building] INFO  o.a.m.s.f.DefaultMavenResourcesFiltering - Copying 0 resource from src\main\resources to target\classes
2024-02-22 21:08:19,683 [Worker-10: Building] INFO  o.a.m.s.f.DefaultMavenResourcesFiltering - skip non existing resourceDirectory C:\Users\bn_re\Desktop\FSD - Phase3\Course End Project\Cab-Booking Management\Cab Fare Service\Cab-Fare-Service\src\test\resources
2024-02-22 21:08:31,357 [Worker-10: Importing Maven projects] INFO  o.e.m.c.i.l.LifecycleMappingFactory - Using org.eclipse.m2e.jdt.JarLifecycleMapping lifecycle mapping for MavenProject: com.exampl:Eureka-Server:0.0.1-SNAPSHOT @ C:\Users\bn_re\Desktop\FSD - Phase3\Course End Project\Cab-Booking Management\Eureka Server\Eureka-Server\pom.xml.
2024-02-22 21:08:33,643 [Worker-10: Importing Maven projects] INFO  o.e.m.j.i.AbstractJavaProjectConfigurator - Adding source folder /Eureka-Server/src/main/java
2024-02-22 21:08:33,643 [Worker-10: Importing Maven projects] INFO  o.e.m.j.i.AbstractJavaProjectConfigurator - Adding resource folder /Eureka-Server/src/main/resources
2024-02-22 21:08:33,643 [Worker-10: Importing Maven projects] INFO  o.e.m.j.i.AbstractJavaProjectConfigurator - Adding resource folder /Eureka-Server/src/main/resources
2024-02-22 21:08:33,644 [Worker-10: Importing Maven projects] INFO  o.e.m.j.i.AbstractJavaProjectConfigurator - Adding source folder /Eureka-Server/src/test/java
2024-02-22 21:08:33,644 [Worker-10: Importing Maven projects] INFO  o.e.m.j.i.AbstractJavaProjectConfigurator - Adding resource folder /Eureka-Server/src/test/resources
2024-02-22 21:08:33,931 [Worker-10: Importing Maven projects] INFO  o.e.m.c.i.p.ProjectConfigurationManager - Imported and configured 1 project(s) in 2 sec
2024-02-22 21:08:34,313 [Worker-17: Building] INFO  o.a.m.s.f.DefaultMavenResourcesFiltering - Copying 1 resource from src\main\resources to target\classes
2024-02-22 21:08:34,333 [Worker-17: Building] INFO  o.a.m.s.f.DefaultMavenResourcesFiltering - Copying 0 resource from src\main\resources to target\classes
2024-02-22 21:08:34,338 [Worker-17: Building] INFO  o.a.m.s.f.DefaultMavenResourcesFiltering - skip non existing resourceDirectory C:\Users\bn_re\Desktop\FSD - Phase3\Course End Project\Cab-Booking Management\Eureka Server\Eureka-Server\src\test\resources
